<?xml version="1.0" encoding="UTF-8"?>
<!-- Generated by org.testng.reporters.JUnitReportReporter -->
<testsuite hostname="Kavya" failures="0" tests="2" name="EaappPkg.EappTestCases" time="6.215" errors="0" timestamp="2023-12-16T09:45:35 IST" skipped="0">
  <testcase classname="EaappPkg.EappTestCases" name="RegisterUser" time="6.210"/>
  <system-out/>
  <testcase classname="EaappPkg.EappTestCases" name="LoginUser" time="0.005"/>
  <system-out/>
</testsuite> <!-- EaappPkg.EappTestCases -->
